	Command being timed: "/home/zp252136/lectures/digital_twins/Project/env/bin/python train_gp_curve_cpu_exact.py --splits_dir ./splits_uq --out_dir ./gp_results --seed 3 --n_train 24000 --l 0.2 --sigma_f 1.0 --sigma_n 1e-3"
	User time (seconds): 419.87
	System time (seconds): 7.53
	Percent of CPU this job got: 516%
	Elapsed (wall clock) time (h:mm:ss or m:ss): 1:22.69
	Average shared text size (kbytes): 0
	Average unshared data size (kbytes): 0
	Average stack size (kbytes): 0
	Average total size (kbytes): 0
	Maximum resident set size (kbytes): 18240848
	Average resident set size (kbytes): 0
	Major (requiring I/O) page faults: 0
	Minor (reclaiming a frame) page faults: 135222
	Voluntary context switches: 1663
	Involuntary context switches: 2189
	Swaps: 0
	File system inputs: 0
	File system outputs: 24
	Socket messages sent: 0
	Socket messages received: 0
	Signals delivered: 0
	Page size (bytes): 4096
	Exit status: 0
