	Command being timed: "/home/zp252136/lectures/digital_twins/Project/env/bin/python train_gp_curve_cpu_exact.py --splits_dir ./splits_uq --out_dir ./gp_results --seed 1 --n_train 20000 --l 0.2 --sigma_f 1.0 --sigma_n 1e-3"
	User time (seconds): 199.23
	System time (seconds): 15.77
	Percent of CPU this job got: 413%
	Elapsed (wall clock) time (h:mm:ss or m:ss): 0:52.01
	Average shared text size (kbytes): 0
	Average unshared data size (kbytes): 0
	Average stack size (kbytes): 0
	Average total size (kbytes): 0
	Maximum resident set size (kbytes): 13973916
	Average resident set size (kbytes): 0
	Major (requiring I/O) page faults: 11
	Minor (reclaiming a frame) page faults: 2355239
	Voluntary context switches: 1514
	Involuntary context switches: 382
	Swaps: 0
	File system inputs: 1568
	File system outputs: 8
	Socket messages sent: 0
	Socket messages received: 0
	Signals delivered: 0
	Page size (bytes): 4096
	Exit status: 0
