	Command being timed: "/home/zp252136/lectures/digital_twins/Project/env/bin/python train_nn_curve_cpu.py --data_glob data/chemtable_FVV_2D_Enthalpy/*.kg --splits_dir ./splits_uq --seed 0 --n_train 32000 --epochs 300 --batch_size 4096 --out_dir ./nn_results"
	User time (seconds): 3763.82
	System time (seconds): 34.82
	Percent of CPU this job got: 676%
	Elapsed (wall clock) time (h:mm:ss or m:ss): 9:21.88
	Average shared text size (kbytes): 0
	Average unshared data size (kbytes): 0
	Average stack size (kbytes): 0
	Average total size (kbytes): 0
	Maximum resident set size (kbytes): 654436
	Average resident set size (kbytes): 0
	Major (requiring I/O) page faults: 12
	Minor (reclaiming a frame) page faults: 786295
	Voluntary context switches: 11918080
	Involuntary context switches: 990155
	Swaps: 0
	File system inputs: 864
	File system outputs: 112
	Socket messages sent: 0
	Socket messages received: 0
	Signals delivered: 0
	Page size (bytes): 4096
	Exit status: 0
