	Command being timed: "/home/zp252136/lectures/digital_twins/Project/env/bin/python train_nn_curve_cpu.py --data_glob data/chemtable_FVV_2D_Enthalpy/*.kg --splits_dir ./splits_uq --seed 4 --n_train 24000 --epochs 300 --batch_size 4096 --out_dir ./nn_results"
	User time (seconds): 2519.54
	System time (seconds): 27.49
	Percent of CPU this job got: 671%
	Elapsed (wall clock) time (h:mm:ss or m:ss): 6:19.57
	Average shared text size (kbytes): 0
	Average unshared data size (kbytes): 0
	Average stack size (kbytes): 0
	Average total size (kbytes): 0
	Maximum resident set size (kbytes): 655804
	Average resident set size (kbytes): 0
	Major (requiring I/O) page faults: 0
	Minor (reclaiming a frame) page faults: 386657
	Voluntary context switches: 9698499
	Involuntary context switches: 1820855
	Swaps: 0
	File system inputs: 0
	File system outputs: 120
	Socket messages sent: 0
	Socket messages received: 0
	Signals delivered: 0
	Page size (bytes): 4096
	Exit status: 0
